<?xml version="1.0" encoding="UTF-8"?>
<!-- Generated by org.testng.reporters.JUnitReportReporter -->
<testsuite hostname="LAPTOP-CQKLIHEN" failures="0" tests="1" name="amazon.qa.bestseller.BestSellerTab" time="6.668" errors="0" timestamp="30 Jan 2022 21:28:52 GMT" skipped="0">
  <testcase classname="amazon.qa.bestseller.BestSellerTab" name="bestSellerTesting" time="6.668"/>
</testsuite> <!-- amazon.qa.bestseller.BestSellerTab -->
