<?xml version="1.0" encoding="UTF-8"?>
<!-- Generated by org.testng.reporters.JUnitReportReporter -->
<testsuite hostname="LAPTOP-CQKLIHEN" failures="0" tests="1" name="amazon.qa.tests.SignUpTest" time="11.755" errors="0" timestamp="07 Feb 2022 18:18:03 GMT" skipped="0">
  <testcase classname="amazon.qa.tests.SignUpTest" name="verifyTest" time="11.755"/>
</testsuite> <!-- amazon.qa.tests.SignUpTest -->
